0 info it worked if it ends with ok
1 verbose cli [ '/usr/bin/node', '/usr/bin/npm', 'install', 'sleep' ]
2 info using npm@2.1.12
3 info using node@v0.10.33
4 warn package.json http@0.0.0 http is also the name of a node core module.
5 warn package.json http@0.0.0 No description
6 warn package.json http@0.0.0 No repository field.
7 warn package.json http@0.0.0 No README data
8 warn package.json karma-firefox-launcher@0.1.4 No README data
9 silly cache add args [ 'sleep', null ]
10 verbose cache add spec sleep
11 silly cache add parsed spec { raw: 'sleep',
11 silly cache add   scope: null,
11 silly cache add   name: 'sleep',
11 silly cache add   rawSpec: '',
11 silly cache add   spec: '*',
11 silly cache add   type: 'range' }
12 verbose addNamed sleep@*
13 silly addNamed semver.valid null
14 silly addNamed semver.validRange *
15 silly addNameRange { name: 'sleep', range: '*', hasData: false }
16 silly mapToRegistry name sleep
17 silly mapToRegistry using default registry
18 silly mapToRegistry registry https://registry.npmjs.org/
19 silly mapToRegistry uri https://registry.npmjs.org/sleep
20 verbose addNameRange registry:https://registry.npmjs.org/sleep not in flight; fetching
21 verbose request uri https://registry.npmjs.org/sleep
22 verbose request no auth needed
23 info attempt registry request try #1 at 20:57:58
24 verbose request id 203c2b2b4fb36347
25 verbose etag "9KENRK7AL67V82VR32R6ZQ195"
26 http request GET https://registry.npmjs.org/sleep
27 http 304 https://registry.npmjs.org/sleep
28 silly get cb [ 304,
28 silly get   { date: 'Sun, 25 Jan 2015 02:57:59 GMT',
28 silly get     server: 'Apache',
28 silly get     via: '1.1 varnish',
28 silly get     'last-modified': 'Sun, 25 Jan 2015 02:57:59 GMT',
28 silly get     'cache-control': 'max-age=60',
28 silly get     etag: '"9KENRK7AL67V82VR32R6ZQ195"',
28 silly get     age: '0',
28 silly get     'x-served-by': 'cache-iad2146-IAD',
28 silly get     'x-cache': 'MISS',
28 silly get     'x-cache-hits': '0',
28 silly get     'x-timer': 'S1422154679.476737,VS0,VE391',
28 silly get     vary: 'Accept',
28 silly get     'content-length': '0',
28 silly get     'keep-alive': 'timeout=10, max=50',
28 silly get     connection: 'Keep-Alive' } ]
29 verbose etag https://registry.npmjs.org/sleep from cache
30 silly addNameRange number 2 { name: 'sleep', range: '*', hasData: true }
31 silly addNameRange versions [ 'sleep',
31 silly addNameRange   [ '1.0.0',
31 silly addNameRange     '1.0.1',
31 silly addNameRange     '1.0.2',
31 silly addNameRange     '1.1.0',
31 silly addNameRange     '1.1.1',
31 silly addNameRange     '1.1.2',
31 silly addNameRange     '1.1.3',
31 silly addNameRange     '1.1.4',
31 silly addNameRange     '1.1.5',
31 silly addNameRange     '1.1.6',
31 silly addNameRange     '1.1.7',
31 silly addNameRange     '1.1.8',
31 silly addNameRange     '1.2.0' ] ]
32 verbose addNamed sleep@1.2.0
33 silly addNamed semver.valid 1.2.0
34 silly addNamed semver.validRange 1.2.0
35 silly cache afterAdd sleep@1.2.0
36 verbose afterAdd /root/.npm/sleep/1.2.0/package/package.json not in flight; writing
37 verbose afterAdd /root/.npm/sleep/1.2.0/package/package.json written
38 silly install resolved [ { name: 'sleep',
38 silly install resolved     version: '1.2.0',
38 silly install resolved     main: './lib/index.js',
38 silly install resolved     description: 'Add sleep() and usleep() to nodejs',
38 silly install resolved     homepage: 'http://github.com/ErikDubbelboer/node-sleep',
38 silly install resolved     author: { name: 'Erik Dubbelboer', email: 'erik@dubbelboer.com' },
38 silly install resolved     engines: { node: '>=0.4.0' },
38 silly install resolved     keywords: [ 'sleep', 'usleep' ],
38 silly install resolved     repository:
38 silly install resolved      { type: 'git',
38 silly install resolved        url: 'https://github.com/ErikDubbelboer/node-sleep.git' },
38 silly install resolved     dependencies: { mkdirp: '~0.3.5' },
38 silly install resolved     scripts: { install: 'node build.js || nodejs build.js' },
38 silly install resolved     gypfile: true,
38 silly install resolved     bugs: { url: 'https://github.com/ErikDubbelboer/node-sleep/issues' },
38 silly install resolved     _id: 'sleep@1.2.0',
38 silly install resolved     _shasum: '5d99de85b8c9819ed2f66251a04ec462da8c66dc',
38 silly install resolved     _from: 'sleep@*',
38 silly install resolved     _npmVersion: '1.4.9',
38 silly install resolved     _npmUser: { name: 'erikdubbelboer', email: 'erik@dubbelboer.com' },
38 silly install resolved     maintainers: [ [Object] ],
38 silly install resolved     dist:
38 silly install resolved      { shasum: '5d99de85b8c9819ed2f66251a04ec462da8c66dc',
38 silly install resolved        tarball: 'http://registry.npmjs.org/sleep/-/sleep-1.2.0.tgz' },
38 silly install resolved     directories: {},
38 silly install resolved     _resolved: 'https://registry.npmjs.org/sleep/-/sleep-1.2.0.tgz',
38 silly install resolved     readme: 'ERROR: No README data found!' } ]
39 info install sleep@1.2.0 into /home/andy
40 info installOne sleep@1.2.0
41 verbose installOne of sleep to /home/andy not in flight; installing
42 verbose lock using /root/.npm/_locks/sleep-70701d2bd3000367.lock for /home/andy/node_modules/sleep
43 silly install write writing sleep 1.2.0 to /home/andy/node_modules/sleep
44 silly cache addNamed cb sleep@1.2.0
45 verbose unbuild node_modules/sleep
46 verbose gentlyRm vacuuming /home/andy/node_modules/sleep
47 verbose tar unpack /root/.npm/sleep/1.2.0/package.tgz
48 verbose tar unpacking to /home/andy/node_modules/sleep
49 verbose gentlyRm vacuuming /home/andy/node_modules/sleep
50 silly gunzTarPerm modes [ '755', '644' ]
51 silly gunzTarPerm extractEntry package.json
52 silly gunzTarPerm modified mode [ 'package.json', 436, 420 ]
53 silly gunzTarPerm extractEntry .npmignore
54 silly gunzTarPerm modified mode [ '.npmignore', 436, 420 ]
55 silly gunzTarPerm extractEntry README.md
56 silly gunzTarPerm modified mode [ 'README.md', 436, 420 ]
57 silly gunzTarPerm extractEntry build.js
58 silly gunzTarPerm modified mode [ 'build.js', 436, 420 ]
59 silly gunzTarPerm extractEntry test.js
60 silly gunzTarPerm modified mode [ 'test.js', 436, 420 ]
61 silly gunzTarPerm extractEntry binding.gyp
62 silly gunzTarPerm modified mode [ 'binding.gyp', 436, 420 ]
63 silly gunzTarPerm extractEntry .jshintignore
64 silly gunzTarPerm modified mode [ '.jshintignore', 436, 420 ]
65 silly gunzTarPerm extractEntry LICENSE.txt
66 silly gunzTarPerm modified mode [ 'LICENSE.txt', 436, 420 ]
67 silly gunzTarPerm extractEntry lib/binary_name.js
68 silly gunzTarPerm modified mode [ 'lib/binary_name.js', 436, 420 ]
69 silly gunzTarPerm extractEntry lib/index.js
70 silly gunzTarPerm modified mode [ 'lib/index.js', 436, 420 ]
71 silly gunzTarPerm extractEntry .jshintrc
72 silly gunzTarPerm modified mode [ '.jshintrc', 436, 420 ]
73 silly gunzTarPerm extractEntry sleep.cc
74 silly gunzTarPerm modified mode [ 'sleep.cc', 436, 420 ]
75 silly gunzTarPerm extractEntry build-util/tools.js
76 silly gunzTarPerm modified mode [ 'build-util/tools.js', 436, 420 ]
77 info preinstall sleep@1.2.0
78 silly prepareForInstallMany adding mkdirp@~0.3.5 from sleep dependencies
79 silly cache add args [ 'mkdirp@~0.3.5', null ]
80 verbose cache add spec mkdirp@~0.3.5
81 silly cache add parsed spec { raw: 'mkdirp@~0.3.5',
81 silly cache add   scope: null,
81 silly cache add   name: 'mkdirp',
81 silly cache add   rawSpec: '~0.3.5',
81 silly cache add   spec: '>=0.3.5 <0.4.0',
81 silly cache add   type: 'range' }
82 verbose addNamed mkdirp@>=0.3.5 <0.4.0
83 silly addNamed semver.valid null
84 silly addNamed semver.validRange >=0.3.5 <0.4.0
85 silly addNameRange { name: 'mkdirp', range: '>=0.3.5 <0.4.0', hasData: false }
86 silly mapToRegistry name mkdirp
87 silly mapToRegistry using default registry
88 silly mapToRegistry registry https://registry.npmjs.org/
89 silly mapToRegistry uri https://registry.npmjs.org/mkdirp
90 verbose addNameRange registry:https://registry.npmjs.org/mkdirp not in flight; fetching
91 verbose request uri https://registry.npmjs.org/mkdirp
92 verbose request no auth needed
93 info attempt registry request try #1 at 20:58:00
94 verbose etag "8P1PNVC765QGMUM2P5IGXWBM2"
95 http request GET https://registry.npmjs.org/mkdirp
96 http 304 https://registry.npmjs.org/mkdirp
97 silly get cb [ 304,
97 silly get   { date: 'Sun, 25 Jan 2015 02:58:01 GMT',
97 silly get     server: 'Apache',
97 silly get     via: '1.1 varnish',
97 silly get     'last-modified': 'Sun, 25 Jan 2015 02:57:53 GMT',
97 silly get     'cache-control': 'max-age=60',
97 silly get     etag: '"8P1PNVC765QGMUM2P5IGXWBM2"',
97 silly get     age: '31',
97 silly get     'x-served-by': 'cache-iad2146-IAD',
97 silly get     'x-cache': 'HIT',
97 silly get     'x-cache-hits': '2',
97 silly get     'x-timer': 'S1422154681.700439,VS0,VE0',
97 silly get     vary: 'Accept',
97 silly get     'content-length': '0',
97 silly get     'keep-alive': 'timeout=10, max=50',
97 silly get     connection: 'Keep-Alive' } ]
98 verbose etag https://registry.npmjs.org/mkdirp from cache
99 silly addNameRange number 2 { name: 'mkdirp', range: '>=0.3.5 <0.4.0', hasData: true }
100 silly addNameRange versions [ 'mkdirp',
100 silly addNameRange   [ '0.0.1',
100 silly addNameRange     '0.0.2',
100 silly addNameRange     '0.0.3',
100 silly addNameRange     '0.0.4',
100 silly addNameRange     '0.0.5',
100 silly addNameRange     '0.0.6',
100 silly addNameRange     '0.0.7',
100 silly addNameRange     '0.1.0',
100 silly addNameRange     '0.2.0',
100 silly addNameRange     '0.2.1',
100 silly addNameRange     '0.2.2',
100 silly addNameRange     '0.3.0',
100 silly addNameRange     '0.3.1',
100 silly addNameRange     '0.3.2',
100 silly addNameRange     '0.3.3',
100 silly addNameRange     '0.3.4',
100 silly addNameRange     '0.3.5',
100 silly addNameRange     '0.4.0',
100 silly addNameRange     '0.4.1',
100 silly addNameRange     '0.4.2',
100 silly addNameRange     '0.5.0' ] ]
101 verbose addNamed mkdirp@0.3.5
102 silly addNamed semver.valid 0.3.5
103 silly addNamed semver.validRange 0.3.5
104 silly cache afterAdd mkdirp@0.3.5
105 verbose afterAdd /root/.npm/mkdirp/0.3.5/package/package.json not in flight; writing
106 verbose afterAdd /root/.npm/mkdirp/0.3.5/package/package.json written
107 silly install resolved [ { name: 'mkdirp',
107 silly install resolved     description: 'Recursively mkdir, like `mkdir -p`',
107 silly install resolved     version: '0.3.5',
107 silly install resolved     author:
107 silly install resolved      { name: 'James Halliday',
107 silly install resolved        email: 'mail@substack.net',
107 silly install resolved        url: 'http://substack.net' },
107 silly install resolved     main: './index',
107 silly install resolved     keywords: [ 'mkdir', 'directory' ],
107 silly install resolved     repository:
107 silly install resolved      { type: 'git',
107 silly install resolved        url: 'http://github.com/substack/node-mkdirp.git' },
107 silly install resolved     scripts: { test: 'tap test/*.js' },
107 silly install resolved     devDependencies: { tap: '~0.4.0' },
107 silly install resolved     license: 'MIT',
107 silly install resolved     _id: 'mkdirp@0.3.5',
107 silly install resolved     dist:
107 silly install resolved      { shasum: 'de3e5f8961c88c787ee1368df849ac4413eca8d7',
107 silly install resolved        tarball: 'http://registry.npmjs.org/mkdirp/-/mkdirp-0.3.5.tgz' },
107 silly install resolved     _from: 'mkdirp@>=0.3.5 <0.4.0',
107 silly install resolved     _npmVersion: '1.2.2',
107 silly install resolved     _npmUser: { name: 'substack', email: 'mail@substack.net' },
107 silly install resolved     maintainers: [ [Object] ],
107 silly install resolved     directories: {},
107 silly install resolved     _shasum: 'de3e5f8961c88c787ee1368df849ac4413eca8d7',
107 silly install resolved     _resolved: 'https://registry.npmjs.org/mkdirp/-/mkdirp-0.3.5.tgz',
107 silly install resolved     bugs: { url: 'https://github.com/substack/node-mkdirp/issues' },
107 silly install resolved     readme: 'ERROR: No README data found!',
107 silly install resolved     homepage: 'https://github.com/substack/node-mkdirp' } ]
108 info install mkdirp@0.3.5 into /home/andy/node_modules/sleep
109 info installOne mkdirp@0.3.5
110 verbose installOne of mkdirp to /home/andy/node_modules/sleep not in flight; installing
111 verbose lock using /root/.npm/_locks/mkdirp-ca2796ab7cf762ec.lock for /home/andy/node_modules/sleep/node_modules/mkdirp
112 silly install write writing mkdirp 0.3.5 to /home/andy/node_modules/sleep/node_modules/mkdirp
113 silly cache addNamed cb mkdirp@0.3.5
114 verbose unbuild node_modules/sleep/node_modules/mkdirp
115 verbose gentlyRm vacuuming /home/andy/node_modules/sleep/node_modules/mkdirp
116 verbose tar unpack /root/.npm/mkdirp/0.3.5/package.tgz
117 verbose tar unpacking to /home/andy/node_modules/sleep/node_modules/mkdirp
118 verbose gentlyRm vacuuming /home/andy/node_modules/sleep/node_modules/mkdirp
119 silly gunzTarPerm modes [ '755', '644' ]
120 silly gunzTarPerm extractEntry package.json
121 silly gunzTarPerm extractEntry .npmignore
122 silly gunzTarPerm extractEntry LICENSE
123 silly gunzTarPerm extractEntry index.js
124 silly gunzTarPerm extractEntry examples/pow.js
125 silly gunzTarPerm extractEntry readme.markdown
126 silly gunzTarPerm extractEntry test/perm.js
127 silly gunzTarPerm extractEntry test/perm_sync.js
128 silly gunzTarPerm extractEntry test/race.js
129 silly gunzTarPerm extractEntry test/rel.js
130 silly gunzTarPerm extractEntry test/return.js
131 silly gunzTarPerm extractEntry test/clobber.js
132 silly gunzTarPerm extractEntry test/root.js
133 silly gunzTarPerm extractEntry test/umask.js
134 silly gunzTarPerm extractEntry test/sync.js
135 silly gunzTarPerm extractEntry test/chmod.js
136 silly gunzTarPerm extractEntry test/umask_sync.js
137 silly gunzTarPerm extractEntry test/return_sync.js
138 silly gunzTarPerm extractEntry test/mkdirp.js
139 silly gunzTarPerm extractEntry .travis.yml
140 info preinstall mkdirp@0.3.5
141 silly install resolved []
142 verbose about to build /home/andy/node_modules/sleep/node_modules/mkdirp
143 info build /home/andy/node_modules/sleep/node_modules/mkdirp
144 verbose linkStuff [ false,
144 verbose linkStuff   false,
144 verbose linkStuff   false,
144 verbose linkStuff   '/home/andy/node_modules/sleep/node_modules' ]
145 info linkStuff mkdirp@0.3.5
146 verbose linkBins mkdirp@0.3.5
147 verbose linkMans mkdirp@0.3.5
148 verbose rebuildBundles mkdirp@0.3.5
149 info install mkdirp@0.3.5
150 info postinstall mkdirp@0.3.5
151 verbose unlock done using /root/.npm/_locks/mkdirp-ca2796ab7cf762ec.lock for /home/andy/node_modules/sleep/node_modules/mkdirp
152 verbose about to build /home/andy/node_modules/sleep
153 info build /home/andy/node_modules/sleep
154 verbose linkStuff [ false, false, false, '/home/andy/node_modules' ]
155 info linkStuff sleep@1.2.0
156 verbose linkBins sleep@1.2.0
157 verbose linkMans sleep@1.2.0
158 verbose rebuildBundles sleep@1.2.0
159 verbose rebuildBundles [ 'mkdirp' ]
160 info install sleep@1.2.0
161 verbose unsafe-perm in lifecycle false
162 info sleep@1.2.0 Failed to exec install script
163 verbose unlock done using /root/.npm/_locks/sleep-70701d2bd3000367.lock for /home/andy/node_modules/sleep
164 verbose stack Error: sleep@1.2.0 install: `node build.js || nodejs build.js`
164 verbose stack Exit status 127
164 verbose stack     at EventEmitter.<anonymous> (/usr/lib/node_modules/npm/lib/utils/lifecycle.js:212:16)
164 verbose stack     at EventEmitter.emit (events.js:98:17)
164 verbose stack     at ChildProcess.<anonymous> (/usr/lib/node_modules/npm/lib/utils/spawn.js:14:12)
164 verbose stack     at ChildProcess.emit (events.js:98:17)
164 verbose stack     at maybeClose (child_process.js:756:16)
164 verbose stack     at Process.ChildProcess._handle.onexit (child_process.js:823:5)
165 verbose pkgid sleep@1.2.0
166 verbose cwd /home/andy/Documentos/Node/Despertador
167 error Linux 3.17.4-1-ARCH
168 error argv "/usr/bin/node" "/usr/bin/npm" "install" "sleep"
169 error node v0.10.33
170 error npm  v2.1.12
171 error code ELIFECYCLE
172 error sleep@1.2.0 install: `node build.js || nodejs build.js`
172 error Exit status 127
173 error Failed at the sleep@1.2.0 install script 'node build.js || nodejs build.js'.
173 error This is most likely a problem with the sleep package,
173 error not with npm itself.
173 error Tell the author that this fails on your system:
173 error     node build.js || nodejs build.js
173 error You can get their info via:
173 error     npm owner ls sleep
173 error There is likely additional logging output above.
174 verbose exit [ 1, true ]
175 verbose unbuild node_modules/sleep
176 info preuninstall sleep@1.2.0
177 info uninstall sleep@1.2.0
178 verbose unbuild rmStuff sleep@1.2.0 from /home/andy/node_modules
179 info postuninstall sleep@1.2.0
180 verbose gentlyRm vacuuming /home/andy/node_modules/sleep
181 silly gentlyRm purging /home/andy/node_modules/sleep
182 silly gentlyRm quitting because other entries in /home/andy/node_modules
